{"C:\\Users\\Gabriel\\Desktop\\fsc-task-manager\\src\\utils\\validators.js": {"path":"C:\\Users\\Gabriel\\Desktop\\fsc-task-manager\\src\\utils\\validators.js","statementMap":{"0":{"start":{"line":2,"column":2},"end":{"line":6,"column":3}},"1":{"start":{"line":10,"column":2},"end":{"line":10,"column":61}},"2":{"start":{"line":14,"column":2},"end":{"line":14,"column":73}},"3":{"start":{"line":18,"column":24},"end":{"line":18,"column":67}},"4":{"start":{"line":19,"column":2},"end":{"line":19,"column":39}},"5":{"start":{"line":23,"column":21},"end":{"line":23,"column":54}},"6":{"start":{"line":24,"column":2},"end":{"line":24,"column":34}},"7":{"start":{"line":28,"column":2},"end":{"line":33,"column":3}},"8":{"start":{"line":36,"column":0},"end":{"line":43,"column":1}}},"fnMap":{"0":{"name":"validatePassword","decl":{"start":{"line":1,"column":9},"end":{"line":1,"column":25}},"loc":{"start":{"line":1,"column":36},"end":{"line":7,"column":1}},"line":1},"1":{"name":"validateTitle","decl":{"start":{"line":9,"column":9},"end":{"line":9,"column":22}},"loc":{"start":{"line":9,"column":30},"end":{"line":11,"column":1}},"line":9},"2":{"name":"validateDescription","decl":{"start":{"line":13,"column":9},"end":{"line":13,"column":28}},"loc":{"start":{"line":13,"column":42},"end":{"line":15,"column":1}},"line":13},"3":{"name":"validateStatus","decl":{"start":{"line":17,"column":9},"end":{"line":17,"column":23}},"loc":{"start":{"line":17,"column":32},"end":{"line":20,"column":1}},"line":17},"4":{"name":"validateTimePeriod","decl":{"start":{"line":22,"column":9},"end":{"line":22,"column":27}},"loc":{"start":{"line":22,"column":34},"end":{"line":25,"column":1}},"line":22},"5":{"name":"validateTask","decl":{"start":{"line":27,"column":9},"end":{"line":27,"column":21}},"loc":{"start":{"line":27,"column":28},"end":{"line":34,"column":1}},"line":27}},"branchMap":{"0":{"loc":{"start":{"line":3,"column":4},"end":{"line":5,"column":25}},"type":"binary-expr","locations":[{"start":{"line":3,"column":4},"end":{"line":3,"column":32}},{"start":{"line":4,"column":4},"end":{"line":4,"column":24}},{"start":{"line":5,"column":4},"end":{"line":5,"column":25}}],"line":3},"1":{"loc":{"start":{"line":10,"column":9},"end":{"line":10,"column":61}},"type":"binary-expr","locations":[{"start":{"line":10,"column":9},"end":{"line":10,"column":34}},{"start":{"line":10,"column":38},"end":{"line":10,"column":61}}],"line":10},"2":{"loc":{"start":{"line":14,"column":9},"end":{"line":14,"column":73}},"type":"binary-expr","locations":[{"start":{"line":14,"column":9},"end":{"line":14,"column":40}},{"start":{"line":14,"column":44},"end":{"line":14,"column":73}}],"line":14},"3":{"loc":{"start":{"line":29,"column":4},"end":{"line":32,"column":33}},"type":"binary-expr","locations":[{"start":{"line":29,"column":4},"end":{"line":29,"column":29}},{"start":{"line":30,"column":4},"end":{"line":30,"column":41}},{"start":{"line":31,"column":4},"end":{"line":31,"column":31}},{"start":{"line":32,"column":4},"end":{"line":32,"column":33}}],"line":29}},"s":{"0":3,"1":5,"2":4,"3":3,"4":3,"5":3,"6":3,"7":2,"8":1},"f":{"0":3,"1":5,"2":4,"3":3,"4":3,"5":2},"b":{"0":[3,3,2],"1":[5,5],"2":[4,4],"3":[2,1,1,1]},"_coverageSchema":"1a1c01bbd47fc00a2c39e90264f33305004495a9","hash":"a75d77002228ef55c2e2d70ee58cbc5279a8d054"}
}
