TN:
SF:src\utils\validators.js
FN:1,validatePassword
FN:9,validateTitle
FN:13,validateDescription
FN:17,validateStatus
FN:22,validateTimePeriod
FN:27,validateTask
FNF:6
FNH:6
FNDA:3,validatePassword
FNDA:5,validateTitle
FNDA:4,validateDescription
FNDA:3,validateStatus
FNDA:3,validateTimePeriod
FNDA:2,validateTask
DA:2,3
DA:10,5
DA:14,4
DA:18,3
DA:19,3
DA:23,3
DA:24,3
DA:28,2
DA:36,1
LF:9
LH:9
BRDA:3,0,0,3
BRDA:3,0,1,3
BRDA:3,0,2,2
BRDA:10,1,0,5
BRDA:10,1,1,5
BRDA:14,2,0,4
BRDA:14,2,1,4
BRDA:29,3,0,2
BRDA:29,3,1,1
BRDA:29,3,2,1
BRDA:29,3,3,1
BRF:11
BRH:11
end_of_record
